<?xml version="1.0" encoding="UTF-8"?>
<!-- Generated by org.testng.reporters.JUnitReportReporter -->
<testsuite hostname="ADMIN" failures="0" tests="1" name="testscripts.regression.ValidateLogin" time="91.306" errors="0" timestamp="2022-04-26T09:51:38 IST" skipped="0">
  <testcase classname="testscripts.regression.ValidateLogin" name="validateLoginTest" time="91.306"/>
  <system-out/>
</testsuite> <!-- testscripts.regression.ValidateLogin -->
