<?xml version="1.0" encoding="UTF-8"?>
<!-- Generated by org.testng.reporters.JUnitReportReporter -->
<testsuite hostname="ADMIN" failures="0" tests="1" name="testscripts.regression.TC_104" time="20.962" errors="0" timestamp="2022-05-10T06:30:37 IST" skipped="0">
  <testcase classname="testscripts.regression.TC_104" name="testCase104" time="20.962"/>
  <system-out/>
</testsuite> <!-- testscripts.regression.TC_104 -->
