<?xml version="1.0" encoding="UTF-8"?>
<!-- Generated by org.testng.reporters.JUnitReportReporter -->
<testsuite hostname="ADMIN" failures="0" tests="1" name="testscripts.regression.ToVerifyIfErrorIsDateInThePast" time="34.790" errors="0" timestamp="2022-05-02T09:23:34 IST" skipped="0">
  <testcase classname="testscripts.regression.ToVerifyIfErrorIsDateInThePast" name="testCase103" time="34.790"/>
  <system-out/>
</testsuite> <!-- testscripts.regression.ToVerifyIfErrorIsDateInThePast -->
