<?xml version="1.0" encoding="UTF-8"?>
<!-- Generated by org.testng.reporters.JUnitReportReporter -->
<testsuite hostname="ADMIN" failures="0" tests="4" name="testscripts.regression.AdactinLogin" time="40.598" errors="0" timestamp="2022-04-29T09:46:52 IST" skipped="0">
  <testcase classname="testscripts.regression.AdactinLogin" name="simpleLogin" time="8.934"/>
  <system-out/>
  <testcase classname="testscripts.regression.AdactinLogin" name="simpleLogin" time="13.082"/>
  <system-out/>
  <testcase classname="testscripts.regression.AdactinLogin" name="simpleLogin" time="8.994"/>
  <system-out/>
  <testcase classname="testscripts.regression.AdactinLogin" name="simpleLogin" time="9.588"/>
  <system-out/>
</testsuite> <!-- testscripts.regression.AdactinLogin -->
