<?xml version="1.0" encoding="UTF-8"?>
<!-- Generated by org.testng.reporters.JUnitReportReporter -->
<testsuite hostname="ADMIN" failures="0" tests="1" name="testscripts.regression.ToVerifyWhetherTheCheckoutDateFieldAcceptsALaterDateThanCheckinDate" time="26.159" errors="0" timestamp="2022-04-29T10:06:23 IST" skipped="0">
  <testcase classname="testscripts.regression.ToVerifyWhetherTheCheckoutDateFieldAcceptsALaterDateThanCheckinDate" name="testCase102" time="26.159"/>
  <system-out/>
</testsuite> <!-- testscripts.regression.ToVerifyWhetherTheCheckoutDateFieldAcceptsALaterDateThanCheckinDate -->
